Base path: /Applications/Unity/Unity.app/Contents
Pipe name: \\.\pipe\UnityShaderCompiler-2--1334009856
Cmd: getPlatforms
Cmd: compileSnippet
  api=5 type=0 insize=1770 outsize=1649 kw= ok=1
Cmd: compileSnippet
  api=9 type=0 insize=2154 outsize=2151 kw= ok=1
Cmd: compileSnippet
  api=5 type=1 insize=2219 outsize=6 kw= ok=1
Cmd: compileSnippet
  api=5 type=0 insize=924 outsize=693 kw= ok=1
Cmd: compileSnippet
  api=5 type=0 insize=2137 outsize=2181 kw= ok=1
Cmd: compileSnippet
  api=9 type=1 insize=2137 outsize=7 kw= ok=1
Cmd: compileSnippet
  api=5 type=0 insize=1237 outsize=1129 kw= ok=1
Cmd: compileSnippet
  api=5 type=0 insize=898 outsize=617 kw= ok=1
Cmd: compileSnippet
  api=5 type=1 insize=882 outsize=6 kw= ok=1
Cmd: compileSnippet
  api=9 type=0 insize=1917 outsize=1975 kw= ok=1
End of pipe

Quitting shader compiler process
